r24
scripts_path: /home/modelcloud/modelcloud/model-driver
MODEL-CLOUD level 2 run_geogrid
Parsed 20 entries in GEOGRID.TBL
Processing domain 1 of 3
  Processing XLAT and XLONG
  Processing MAPFAC
  Processing F and E
  Processing ROTANG
  Processing LANDUSEF
  Calculating landmask from LANDUSEF ( WATER =  16 )
  Processing HGT_M
  Processing SOILTEMP
  Processing SOILCTOP
  Processing SCT_DOM
  Processing SOILCBOT
  Processing SCB_DOM
  Processing ALBEDO12M
  Processing GREENFRAC
  Processing SNOALB
  Processing SLOPECAT
  Processing SLOPECAT
  Processing CON
  Processing VAR
  Processing OA1
  Processing OA2
  Processing OA3
  Processing OA4
  Processing OL1
  Processing OL2
  Processing OL3
  Processing OL4
  Processing VAR_SSO
Processing domain 2 of 3
  Processing XLAT and XLONG
  Processing MAPFAC
  Processing F and E
  Processing ROTANG
  Processing LANDUSEF
  Calculating landmask from LANDUSEF ( WATER =  16 )
  Processing HGT_M
  Processing SOILTEMP
  Processing SOILCTOP
  Processing SCT_DOM
  Processing SOILCBOT
  Processing SCB_DOM
  Processing ALBEDO12M
  Processing GREENFRAC
  Processing SNOALB
  Processing SLOPECAT
  Processing SLOPECAT
  Processing CON
  Processing VAR
  Processing OA1
  Processing OA2
  Processing OA3
  Processing OA4
  Processing OL1
  Processing OL2
  Processing OL3
  Processing OL4
  Processing VAR_SSO
Processing domain 3 of 3
  Processing XLAT and XLONG
  Processing MAPFAC
  Processing F and E
  Processing ROTANG
  Processing LANDUSEF
  Calculating landmask from LANDUSEF ( WATER =  16 )
  Processing HGT_M
  Processing SOILTEMP
  Processing SOILCTOP
  Processing SCT_DOM
  Processing SOILCBOT
  Processing SCB_DOM
  Processing ALBEDO12M
  Processing GREENFRAC
  Processing SNOALB
  Processing SLOPECAT
  Processing SLOPECAT
  Processing CON
  Processing VAR
  Processing OA1
  Processing OA2
  Processing OA3
  Processing OA4
  Processing OL1
  Processing OL2
  Processing OL3
  Processing OL4
  Processing VAR_SSO
!!!!!!!!!!!!!!!!!!!!!!!!!!!!!!!!!!!!!!!!!!!!!
!  Successful completion of geogrid.        !
!!!!!!!!!!!!!!!!!!!!!!!!!!!!!!!!!!!!!!!!!!!!!
